[    0.000000] Linux version 4.15.0-213-generic (buildd@lcy02-amd64-079) (gcc version 7.5.0 (Ubuntu 7.5.0-3ubuntu1~18.04)) #224-Ubuntu SMP Mon Jun 19 13:30:12 UTC 2023 (Ubuntu 4.15.0-213.224-generic 4.15.18)
[    0.000000] Command line: BOOT_IMAGE=/boot/vmlinuz-4.15.0-213-generic root=UUID=f685bb41-0e3b-40c4-89c1-eea0f0583525 ro console=tty1 console=ttyS0
[    0.000000] KERNEL supported cpus:
[    0.000000]   Intel GenuineIntel
[    0.000000]   AMD AuthenticAMD
[    0.000000]   Centaur CentaurHauls
[    0.000000] x86/fpu: x87 FPU will use FXSAVE
[    0.000000] e820: BIOS-provided physical RAM map:
[    0.000000] BIOS-e820: [mem 0x0000000000000000-0x000000000009fbff] usable
[    0.000000] BIOS-e820: [mem 0x000000000009fc00-0x000000000009ffff] reserved
[    0.000000] BIOS-e820: [mem 0x00000000000f0000-0x00000000000fffff] reserved
[    0.000000] BIOS-e820: [mem 0x0000000000100000-0x000000001ffeffff] usable
[    0.000000] BIOS-e820: [mem 0x000000001fff0000-0x000000001fffffff] ACPI data
[    0.000000] BIOS-e820: [mem 0x00000000fec00000-0x00000000fec00fff] reserved
[    0.000000] BIOS-e820: [mem 0x00000000fee00000-0x00000000fee00fff] reserved
[    0.000000] BIOS-e820: [mem 0x00000000fffc0000-0x00000000ffffffff] reserved
[    0.000000] NX (Execute Disable) protection: active
[    0.000000] SMBIOS 2.5 present.
[    0.000000] DMI: innotek GmbH VirtualBox/VirtualBox, BIOS VirtualBox 12/01/2006
[    0.000000] Hypervisor detected: KVM
[    0.000000] e820: last_pfn = 0x1fff0 max_arch_pfn = 0x400000000
[    0.000000] x86/PAT: Configuration [0-7]: WB  WC  UC- UC  WB  WP  UC- WT  
[    0.000000] CPU MTRRs all blank - virtualized system.
[    0.000000] found SMP MP-table at [mem 0x0009fbf0-0x0009fbff]
[    0.000000] Scanning 1 areas for low memory corruption
[    0.000000] RAMDISK: [mem 0x1da3a000-0x1ee24fff]
[    0.000000] ACPI: Early table checksum verification disabled
[    0.000000] ACPI: RSDP 0x00000000000E0000 000024 (v02 VBOX  )
[    0.000000] ACPI: XSDT 0x000000001FFF0030 00003C (v01 VBOX   VBOXXSDT 00000001 ASL  00000061)
[    0.000000] ACPI: FACP 0x000000001FFF00F0 0000F4 (v04 VBOX   VBOXFACP 00000001 ASL  00000061)
[    0.000000] ACPI: DSDT 0x000000001FFF0610 002353 (v02 VBOX   VBOXBIOS 00000002 INTL 20100528)
[    0.000000] ACPI: FACS 0x000000001FFF0200 000040
[    0.000000] ACPI: FACS 0x000000001FFF0200 000040
[    0.000000] ACPI: APIC 0x000000001FFF0240 000054 (v02 VBOX   VBOXAPIC 00000001 ASL  00000061)
[    0.000000] ACPI: SSDT 0x000000001FFF02A0 00036C (v01 VBOX   VBOXCPUT 00000002 INTL 20100528)
[    0.000000] ACPI: Reserving FACP table memory at [mem 0x1fff00f0-0x1fff01e3]
[    0.000000] ACPI: Reserving DSDT table memory at [mem 0x1fff0610-0x1fff2962]
[    0.000000] ACPI: Reserving FACS table memory at [mem 0x1fff0200-0x1fff023f]
[    0.000000] ACPI: Reserving FACS table memory at [mem 0x1fff0200-0x1fff023f]
[    0.000000] ACPI: Reserving APIC table memory at [mem 0x1fff0240-0x1fff0293]
[    0.000000] ACPI: Reserving SSDT table memory at [mem 0x1fff02a0-0x1fff060b]
[    0.000000] No NUMA configuration found
[    0.000000] Faking a node at [mem 0x0000000000000000-0x000000001ffeffff]
[    0.000000] NODE_DATA(0) allocated [mem 0x1ffc5000-0x1ffeffff]
[    0.000000] kvm-clock: cpu 0, msr 0:1ff44001, primary cpu clock
[    0.000000] kvm-clock: Using msrs 4b564d01 and 4b564d00
[    0.000000] kvm-clock: using sched offset of 4594242299 cycles
[    0.000000] clocksource: kvm-clock: mask: 0xffffffffffffffff max_cycles: 0x1cd42e4dffb, max_idle_ns: 881590591483 ns
[    0.000000] Zone ranges:
[    0.000000]   DMA      [mem 0x0000000000001000-0x0000000000ffffff]
[    0.000000]   DMA32    [mem 0x0000000001000000-0x000000001ffeffff]
[    0.000000]   Normal   empty
[    0.000000]   Device   empty
[    0.000000] Movable zone start for each node
[    0.000000] Early memory node ranges
[    0.000000]   node   0: [mem 0x0000000000001000-0x000000000009efff]
[    0.000000]   node   0: [mem 0x0000000000100000-0x000000001ffeffff]
[    0.000000] Reserved but unavailable: 104 pages
[    0.000000] Initmem setup node 0 [mem 0x0000000000001000-0x000000001ffeffff]
[    0.000000] ACPI: PM-Timer IO Port: 0x4008
[    0.000000] IOAPIC[0]: apic_id 1, version 32, address 0xfec00000, GSI 0-23
[    0.000000] ACPI: INT_SRC_OVR (bus 0 bus_irq 0 global_irq 2 dfl dfl)
[    0.000000] ACPI: INT_SRC_OVR (bus 0 bus_irq 9 global_irq 9 low level)
[    0.000000] Using ACPI (MADT) for SMP configuration information
[    0.000000] smpboot: Allowing 1 CPUs, 0 hotplug CPUs
[    0.000000] PM: Registered nosave memory: [mem 0x00000000-0x00000fff]
[    0.000000] PM: Registered nosave memory: [mem 0x0009f000-0x0009ffff]
[    0.000000] PM: Registered nosave memory: [mem 0x000a0000-0x000effff]
[    0.000000] PM: Registered nosave memory: [mem 0x000f0000-0x000fffff]
[    0.000000] e820: [mem 0x20000000-0xfebfffff] available for PCI devices
[    0.000000] Booting paravirtualized kernel on KVM
[    0.000000] clocksource: refined-jiffies: mask: 0xffffffff max_cycles: 0xffffffff, max_idle_ns: 7645519600211568 ns
[    0.000000] setup_percpu: NR_CPUS:8192 nr_cpumask_bits:1 nr_cpu_ids:1 nr_node_ids:1
[    0.000000] percpu: Embedded 50 pages/cpu s167936 r8192 d28672 u2097152
[    0.000000] PV qspinlock hash table entries: 256 (order: 0, 4096 bytes)
[    0.000000] Built 1 zonelists, mobility grouping on.  Total pages: 128889
[    0.000000] Policy zone: DMA32
[    0.000000] Kernel command line: BOOT_IMAGE=/boot/vmlinuz-4.15.0-213-generic root=UUID=f685bb41-0e3b-40c4-89c1-eea0f0583525 ro console=tty1 console=ttyS0
[    0.000000] Memory: 465880K/523832K available (12300K kernel code, 2477K rwdata, 4324K rodata, 2480K init, 2720K bss, 57952K reserved, 0K cma-reserved)
[    0.000000] SLUB: HWalign=64, Order=0-3, MinObjects=0, CPUs=1, Nodes=1
[    0.000000] ftrace: allocating 39508 entries in 155 pages
[    0.004000] Hierarchical RCU implementation.
[    0.004000] 	RCU restricting CPUs from NR_CPUS=8192 to nr_cpu_ids=1.
[    0.004000] 	Tasks RCU enabled.
[    0.004000] RCU: Adjusting geometry for rcu_fanout_leaf=16, nr_cpu_ids=1
[    0.004000] NR_IRQS: 524544, nr_irqs: 256, preallocated irqs: 16
[    0.004000] random: crng init done
[    0.004000] Console: colour VGA+ 80x25
[    0.004000] console [tty1] enabled
[    0.004000] console [ttyS0] enabled
[    0.004000] ACPI: Core revision 20170831
[    0.004000] ACPI: 2 ACPI AML tables successfully acquired and loaded
[    0.004000] APIC: Switch to symmetric I/O mode setup
[    0.008000] ..TIMER: vector=0x30 apic1=0 pin1=2 apic2=-1 pin2=-1
[    0.008005] tsc: Detected 2803.198 MHz processor
[    0.012013] Calibrating delay loop (skipped) preset value.. 5606.39 BogoMIPS (lpj=11212792)
[    0.016004] pid_max: default: 32768 minimum: 301
[    0.020035] Security Framework initialized
[    0.024005] Yama: becoming mindful.
[    0.028040] AppArmor: AppArmor initialized
[    0.032084] Dentry cache hash table entries: 65536 (order: 7, 524288 bytes)
[    0.036052] Inode-cache hash table entries: 32768 (order: 6, 262144 bytes)
[    0.040012] Mount-cache hash table entries: 1024 (order: 1, 8192 bytes)
[    0.044006] Mountpoint-cache hash table entries: 1024 (order: 1, 8192 bytes)
[    0.049791] Last level iTLB entries: 4KB 0, 2MB 0, 4MB 0
[    0.052003] Last level dTLB entries: 4KB 0, 2MB 0, 4MB 0, 1GB 0
[    0.056003] Spectre V1 : Mitigation: usercopy/swapgs barriers and __user pointer sanitization
[    0.060004] Spectre V2 : Mitigation: Enhanced IBRS
[    0.064002] Spectre V2 : Spectre v2 / SpectreRSB mitigation: Filling RSB on context switch
[    0.068002] Spectre V2 : Spectre v2 / PBRSB-eIBRS: Retire a single CALL on VMEXIT
[    0.072002] RETBleed: Mitigation: Enhanced IBRS
[    0.076002] Speculative Store Bypass: Vulnerable
[    0.088000] Freeing SMP alternatives memory: 36K
[    0.200391] smpboot: CPU0: 11th Gen Intel(R) Core(TM) i7-1165G7 @ 2.80GHz (family: 0x6, model: 0x8c, stepping: 0x1)
[    0.204101] Performance Events: unsupported p6 CPU model 140 no PMU driver, software events only.
[    0.212056] Hierarchical SRCU implementation.
[    0.216725] NMI watchdog: Perf event create on CPU 0 failed with -2
[    0.220008] NMI watchdog: Perf NMI watchdog permanently disabled
[    0.224085] smp: Bringing up secondary CPUs ...
[    0.228074] smp: Brought up 1 node, 1 CPU
[    0.232010] smpboot: Max logical packages: 1
[    0.236011] smpboot: Total of 1 processors activated (5606.39 BogoMIPS)
[    0.240187] devtmpfs: initialized
[    0.244099] x86/mm: Memory block size: 128MB
[    0.248225] evm: security.selinux
[    0.252012] evm: security.SMACK64
[    0.256010] evm: security.SMACK64EXEC
[    0.260006] evm: security.SMACK64TRANSMUTE
[    0.264009] evm: security.SMACK64MMAP
[    0.268007] evm: security.apparmor
[    0.272005] evm: security.ima
[    0.276004] evm: security.capability
[    0.284187] clocksource: jiffies: mask: 0xffffffff max_cycles: 0xffffffff, max_idle_ns: 7645041785100000 ns
[    0.288033] futex hash table entries: 256 (order: 2, 16384 bytes)
[    0.292101] pinctrl core: initialized pinctrl subsystem
[    0.296539] RTC time: 11:29:13, date: 04/10/25
[    0.300178] NET: Registered protocol family 16
[    0.304087] audit: initializing netlink subsys (disabled)
[    0.308150] cpuidle: using governor ladder
[    0.312010] audit: type=2000 audit(1744284559.294:1): state=initialized audit_enabled=0 res=1
[    0.316007] cpuidle: using governor menu
[    0.320048] ACPI: bus type PCI registered
[    0.324008] acpiphp: ACPI Hot Plug PCI Controller Driver version: 0.5
[    0.328392] PCI: Using configuration type 1 for base access
[    0.333410] HugeTLB registered 2.00 MiB page size, pre-allocated 0 pages
[    0.336184] ACPI: Added _OSI(Module Device)
[    0.340009] ACPI: Added _OSI(Processor Device)
[    0.344011] ACPI: Added _OSI(3.0 _SCP Extensions)
[    0.348008] ACPI: Added _OSI(Processor Aggregator Device)
[    0.352016] ACPI: Added _OSI(Linux-Dell-Video)
[    0.355425] ACPI: Added _OSI(Linux-Lenovo-NV-HDMI-Audio)
[    0.356036] ACPI: Added _OSI(Linux-HPI-Hybrid-Graphics)
[    0.360713] ACPI: Executed 1 blocks of module-level executable AML code
[    0.369898] ACPI: Interpreter enabled
[    0.372021] ACPI: (supports S0 S5)
[    0.376003] ACPI: Using IOAPIC for interrupt routing
[    0.380693] PCI: Using host bridge windows from ACPI; if necessary, use "pci=nocrs" and report a bug
[    0.384245] ACPI: Enabled 2 GPEs in block 00 to 07
[    0.400497] ACPI: PCI Root Bridge [PCI0] (domain 0000 [bus 00-ff])
[    0.404022] acpi PNP0A03:00: _OSC: OS supports [ASPM ClockPM Segments MSI]
[    0.409012] acpi PNP0A03:00: _OSC: not requesting OS control; OS requires [ExtendedConfig ASPM ClockPM MSI]
[    0.412020] acpi PNP0A03:00: fail to add MMCONFIG information, can't access extended PCI configuration space under this bridge.
[    0.416767] PCI host bridge to bus 0000:00
[    0.420004] pci_bus 0000:00: root bus resource [io  0x0000-0x0cf7 window]
[    0.424004] pci_bus 0000:00: root bus resource [io  0x0d00-0xffff window]
[    0.428004] pci_bus 0000:00: root bus resource [mem 0x000a0000-0x000bffff window]
[    0.432006] pci_bus 0000:00: root bus resource [mem 0x20000000-0xfdffffff window]
[    0.436006] pci_bus 0000:00: root bus resource [bus 00-ff]
[    0.450063] pci 0000:00:01.1: legacy IDE quirk: reg 0x10: [io  0x01f0-0x01f7]
[    0.452005] pci 0000:00:01.1: legacy IDE quirk: reg 0x14: [io  0x03f6]
[    0.456005] pci 0000:00:01.1: legacy IDE quirk: reg 0x18: [io  0x0170-0x0177]
[    0.464006] pci 0000:00:01.1: legacy IDE quirk: reg 0x1c: [io  0x0376]
[    0.490459] pci 0000:00:07.0: quirk: [io  0x4000-0x403f] claimed by PIIX4 ACPI
[    0.492085] pci 0000:00:07.0: quirk: [io  0x4100-0x410f] claimed by PIIX4 SMB
[    0.506638] ACPI: PCI Interrupt Link [LNKA] (IRQs 5 9 10 *11)
[    0.508955] ACPI: PCI Interrupt Link [LNKB] (IRQs 5 9 *10 11)
[    0.512278] ACPI: PCI Interrupt Link [LNKC] (IRQs 5 *9 10 11)
[    0.516211] ACPI: PCI Interrupt Link [LNKD] (IRQs 5 9 10 *11)
[    0.520377] SCSI subsystem initialized
[    0.524162] pci 0000:00:02.0: vgaarb: setting as boot VGA device
[    0.528000] pci 0000:00:02.0: vgaarb: VGA device added: decodes=io+mem,owns=io+mem,locks=none
[    0.528012] pci 0000:00:02.0: vgaarb: bridge control possible
[    0.532007] vgaarb: loaded
[    0.536048] ACPI: bus type USB registered
[    0.540040] usbcore: registered new interface driver usbfs
[    0.544020] usbcore: registered new interface driver hub
[    0.548016] usbcore: registered new device driver usb
[    0.552075] EDAC MC: Ver: 3.0.0
[    0.556164] PCI: Using ACPI for IRQ routing
[    0.560142] NetLabel: Initializing
[    0.563075] NetLabel:  domain hash size = 128
[    0.564002] NetLabel:  protocols = UNLABELED CIPSOv4 CALIPSO
[    0.568023] NetLabel:  unlabeled traffic allowed by default
[    0.576018] clocksource: Switched to clocksource kvm-clock
[    0.615555] VFS: Disk quotas dquot_6.6.0
[    0.620137] VFS: Dquot-cache hash table entries: 512 (order 0, 4096 bytes)
[    0.628388] AppArmor: AppArmor Filesystem Enabled
[    0.633438] pnp: PnP ACPI init
[    0.638457] pnp: PnP ACPI: found 3 devices
[    0.651276] clocksource: acpi_pm: mask: 0xffffff max_cycles: 0xffffff, max_idle_ns: 2085701024 ns
[    0.669413] NET: Registered protocol family 2
[    0.676931] IP idents hash table entries: 8192 (order: 4, 65536 bytes)
[    0.684886] TCP established hash table entries: 4096 (order: 3, 32768 bytes)
[    0.693434] TCP bind hash table entries: 4096 (order: 4, 65536 bytes)
[    0.702148] TCP: Hash tables configured (established 4096 bind 4096)
[    0.710122] UDP hash table entries: 256 (order: 1, 8192 bytes)
[    0.715841] UDP-Lite hash table entries: 256 (order: 1, 8192 bytes)
[    0.720407] NET: Registered protocol family 1
[    0.725067] pci 0000:00:00.0: Limiting direct PCI/PCI transfers
[    0.736144] pci 0000:00:01.0: Activating ISA DMA hang workarounds
[    0.740971] pci 0000:00:02.0: Video device with shadowed ROM at [mem 0x000c0000-0x000dffff]
[    0.748083] Unpacking initramfs...
[    1.330350] Freeing initrd memory: 20396K
[    1.342647] clocksource: tsc: mask: 0xffffffffffffffff max_cycles: 0x28680e0a5c3, max_idle_ns: 440795346756 ns
[    1.359737] platform rtc_cmos: registered platform RTC device (no PNP device found)
[    1.374188] Scanning for low memory corruption every 60 seconds
[    1.387548] Initialise system trusted keyrings
[    1.398363] Key type blacklist registered
[    1.407624] workingset: timestamp_bits=36 max_order=17 bucket_order=0
[    1.423365] zbud: loaded
[    1.428560] squashfs: version 4.0 (2009/01/31) Phillip Lougher
[    1.436914] fuse init (API version 7.26)
[    1.443543] Key type asymmetric registered
[    1.451299] Asymmetric key parser 'x509' registered
[    1.459082] Block layer SCSI generic (bsg) driver version 0.4 loaded (major 246)
[    1.470620] io scheduler noop registered
[    1.476083] io scheduler deadline registered
[    1.481543] io scheduler cfq registered (default)
[    1.487310] ACPI: AC Adapter [AC] (on-line)
[    1.491394] input: Power Button as /devices/LNXSYSTM:00/LNXPWRBN:00/input/input0
[    1.505887] ACPI: Power Button [PWRF]
[    1.511642] input: Sleep Button as /devices/LNXSYSTM:00/LNXSLPBN:00/input/input1
[    1.520713] ACPI: Sleep Button [SLPF]
[    1.529657] ACPI: Battery Slot [BAT0] (battery present)
[    1.540881] Serial: 8250/16550 driver, 32 ports, IRQ sharing enabled
[    1.581331] 00:02: ttyS0 at I/O 0x3f8 (irq = 4, base_baud = 115200) is a 16550A
[    1.595224] Linux agpgart interface v0.103
[    1.604303] loop: module loaded
[    1.611014] scsi host0: ata_piix
[    1.615166] scsi host1: ata_piix
[    1.619003] ata1: PATA max UDMA/33 cmd 0x1f0 ctl 0x3f6 bmdma 0xd000 irq 14
[    1.627958] ata2: PATA max UDMA/33 cmd 0x170 ctl 0x376 bmdma 0xd008 irq 15
[    1.638296] tun: Universal TUN/TAP device driver, 1.6
[    1.644043] PPP generic driver version 2.4.2
[    1.647929] ehci_hcd: USB 2.0 'Enhanced' Host Controller (EHCI) Driver
[    1.655938] ehci-pci: EHCI PCI platform driver
[    1.661139] ehci-platform: EHCI generic platform driver
[    1.668662] ohci_hcd: USB 1.1 'Open' Host Controller (OHCI) Driver
[    1.675267] ohci-pci: OHCI PCI platform driver
[    1.681520] ohci-platform: OHCI generic platform driver
[    1.685173] uhci_hcd: USB Universal Host Controller Interface driver
[    1.689571] i8042: PNP: PS/2 Controller [PNP0303:PS2K,PNP0f03:PS2M] at 0x60,0x64 irq 1,12
[    1.700787] serio: i8042 KBD port at 0x60,0x64 irq 1
[    1.709653] serio: i8042 AUX port at 0x60,0x64 irq 12
[    1.716605] mousedev: PS/2 mouse device common for all mice
[    1.725748] input: AT Translated Set 2 keyboard as /devices/platform/i8042/serio0/input/input2
[    1.735926] rtc_cmos rtc_cmos: rtc core: registered rtc_cmos as rtc0
[    1.743626] rtc_cmos rtc_cmos: alarms up to one day, 114 bytes nvram
[    1.751651] i2c /dev entries driver
[    1.754619] device-mapper: uevent: version 1.0.3
[    1.759328] device-mapper: ioctl: 4.37.0-ioctl (2017-09-20) initialised: dm-devel@redhat.com
[    1.768110] ledtrig-cpu: registered to indicate activity on CPUs
[    1.773735] NET: Registered protocol family 10
[    1.781126] Segment Routing with IPv6
[    1.788732] NET: Registered protocol family 17
[    1.795375] Key type dns_resolver registered
[    1.854008] mce: Using 0 MCE banks
[    1.863365] RAS: Correctable Errors collector initialized.
[    1.880264] sched_clock: Marking stable (1880088949, 0)->(2884566121, -1004477172)
[    1.895859] registered taskstats version 1
[    1.909049] Loading compiled-in X.509 certificates
[    1.921066] Loaded X.509 cert 'Build time autogenerated kernel key: cdc7189136aaa35407544516090e2034d9c28e14'
[    1.935763] Loaded X.509 cert 'Canonical Ltd. Live Patch Signing: 14df34d1a87cf37625abec039ef2bf521249b969'
[    1.947817] Loaded X.509 cert 'Canonical Ltd. Kernel Module Signing: 88f752e560a1e0737e31163a466ad7b70a850c19'
[    1.961225] blacklist: Loading compiled-in revocation X.509 certificates
[    1.970119] Loaded X.509 cert 'Canonical Ltd. Secure Boot Signing: 61482aa2830d0ab2ad5af10b7250da9033ddcef0'
[    1.981031] Loaded X.509 cert 'Canonical Ltd. Secure Boot Signing (2017): 242ade75ac4a15e50d50c84b0d45ff3eae707a03'
[    1.991121] Loaded X.509 cert 'Canonical Ltd. Secure Boot Signing (ESM 2018): 365188c1d374d6b07c3c8f240f8ef722433d6a8b'
[    2.004680] Loaded X.509 cert 'Canonical Ltd. Secure Boot Signing (2019): c0746fd6c5da3ae827864651ad66ae47fe24b3e8'
[    2.016041] Loaded X.509 cert 'Canonical Ltd. Secure Boot Signing (2021 v1): a8d54bbb3825cfb94fa13c9f8a594a195c107b8d'
[    2.026866] Loaded X.509 cert 'Canonical Ltd. Secure Boot Signing (2021 v2): 4cf046892d6fd3c9a5b03f98d845f90851dc6a8c'
[    2.035316] Loaded X.509 cert 'Canonical Ltd. Secure Boot Signing (2021 v3): 100437bb6de6e469b581e61cd66bce3ef4ed53af'
[    2.043149] Loaded X.509 cert 'Canonical Ltd. Secure Boot Signing (Ubuntu Core 2019): c1d57b8f6b743f23ee41f4f7ee292f06eecadfb9'
[    2.053175] zswap: loaded using pool lzo/zbud
[    2.060748] Key type big_key registered
[    2.063651] Key type trusted registered
[    2.070917] Key type encrypted registered
[    2.075985] AppArmor: AppArmor sha1 policy hashing enabled
[    2.079933] ima: No TPM chip found, activating TPM-bypass! (rc=-19)
[    2.088681] ima: Allocated hash algorithm: sha1
[    2.094142] evm: HMAC attrs: 0x1
[    2.098729]   Magic number: 5:829:478
[    2.103178] rtc rtc0: hash matches
[    2.106126] rtc_cmos rtc_cmos: setting system clock to 2025-04-10 11:29:15 UTC (1744284555)
[    2.114246] BIOS EDD facility v0.16 2004-Jun-25, 0 devices found
[    2.118400] EDD information not available.
[    2.123666] Freeing unused kernel image memory: 2480K
[    2.132448] Write protecting the kernel read-only data: 20480k
[    2.143274] Freeing unused kernel image memory: 2008K
[    2.153110] Freeing unused kernel image memory: 1820K
[    2.169017] x86/mm: Checked W+X mappings: passed, no W+X pages found.
Loading, please wait...
starting version 237
[    2.329368] e1000: Intel(R) PRO/1000 Network Driver - version 7.3.21-k8-NAPI
[    2.340171] e1000: Copyright (c) 1999-2006 Intel Corporation.
[    2.354423] Fusion MPT base driver 3.04.20
[    2.363064] Copyright (c) 1999-2008 LSI Corporation
[    2.403279] SSE version of gcm_enc/dec engaged.
[    2.453880] Fusion MPT SPI Host driver 3.04.20
[    2.634368] input: ImExPS/2 Generic Explorer Mouse as /devices/platform/i8042/serio1/input/input4
[    3.332794] e1000 0000:00:03.0 eth0: (PCI:33MHz:32-bit) 02:3b:7b:b7:3b:2d
[    3.347081] e1000 0000:00:03.0 eth0: Intel(R) PRO/1000 Network Connection
[    3.357963] mptbase: ioc0: Initiating bringup
[    3.479408] ioc0: LSI53C1030 A0: Capabilities={Initiator}
[    3.751446] scsi host2: ioc0: LSI53C1030 A0, FwRev=00000000h, Ports=1, MaxQ=256, IRQ=20
[    3.939907] scsi 2:0:0:0: Direct-Access     VBOX     HARDDISK         1.0  PQ: 0 ANSI: 5
[    3.965462] scsi target2:0:0: Beginning Domain Validation
[    3.989544] scsi target2:0:0: Domain Validation skipping write tests
[    4.002891] scsi target2:0:0: Ending Domain Validation
[    4.028687] scsi target2:0:0: asynchronous
[    4.081991] scsi 2:0:1:0: Direct-Access     VBOX     HARDDISK         1.0  PQ: 0 ANSI: 5
[    4.090296] scsi target2:0:1: Beginning Domain Validation
[    4.185335] scsi target2:0:1: Domain Validation skipping write tests
[    4.196288] scsi target2:0:1: Ending Domain Validation
[    4.228584] scsi target2:0:1: asynchronous
[    4.366126] sd 2:0:0:0: Attached scsi generic sg0 type 0
[    4.375852] sd 2:0:0:0: [sda] 83886080 512-byte logical blocks: (42.9 GB/40.0 GiB)
[    4.393465] sd 2:0:1:0: Attached scsi generic sg1 type 0
[    4.403416] sd 2:0:1:0: [sdb] 20480 512-byte logical blocks: (10.5 MB/10.0 MiB)
[    4.430446] sd 2:0:1:0: [sdb] Write Protect is off
[    4.438324] sd 2:0:0:0: [sda] Write Protect is off
[    4.464856] sd 2:0:1:0: [sdb] Incomplete mode parameter data
[    4.475466] sd 2:0:1:0: [sdb] Assuming drive cache: write through
[    4.486272] sd 2:0:0:0: [sda] Incomplete mode parameter data
[    4.497660] sd 2:0:0:0: [sda] Assuming drive cache: write through
[    4.544473]  sda: sda1
[    4.552395] sd 2:0:0:0: [sda] Attached SCSI disk
[    4.558764] sd 2:0:1:0: [sdb] Attached SCSI disk
[    4.937806] e1000 0000:00:08.0 eth1: (PCI:33MHz:32-bit) 08:00:27:61:f6:b6
[    4.947289] e1000 0000:00:08.0 eth1: Intel(R) PRO/1000 Network Connection
[    4.959666] e1000 0000:00:08.0 enp0s8: renamed from eth1
[    4.986942] e1000 0000:00:03.0 enp0s3: renamed from eth0
Begin: Loading essential drivers ... [    7.064376] raid6: sse2x1   gen()  7245 MB/s
[    7.136255] raid6: sse2x1   xor()  8712 MB/s
[    7.200495] raid6: sse2x2   gen() 10150 MB/s
[    7.272087] raid6: sse2x2   xor() 12450 MB/s
[    7.340592] raid6: sse2x4   gen()  3549 MB/s
[    7.429042] raid6: sse2x4   xor()  6974 MB/s
[    7.434713] raid6: using algorithm sse2x2 gen() 10150 MB/s
[    7.442982] raid6: .... xor() 12450 MB/s, rmw enabled
[    7.449674] raid6: using ssse3x2 recovery algorithm
[    7.463663] xor: measuring software checksum speed
[    7.576192]    prefetch64-sse: 49583.000 MB/sec
[    7.688780]    generic_sse: 47122.000 MB/sec
[    7.693750] xor: using function: prefetch64-sse (49583.000 MB/sec)
[    7.708185] async_tx: api initialized (async)
done.
Begin: Running /scripts/init-premount ... done.
Begin: Mounting root file system ... Begin: Running /scripts/local-top ... done.
Begin: Running /scripts/local-premount ... [    7.823910] Btrfs loaded, crc32c=crc32c-intel
Scanning for Btrfs filesystems
done.
Begin: Will now check root file system ... fsck from util-linux 2.31.1
[/sbin/fsck.ext4 (1) -- /dev/sda1] fsck.ext4 -a -C0 /dev/sda1 
cloudimg-rootfs: clean, 100202/5120000 files, 767388/10485499 blocks
done.
[    7.954954] EXT4-fs (sda1): mounted filesystem with ordered data mode. Opts: (null)
done.
Begin: Running /scripts/local-bottom ... done.
Begin: Running /scripts/init-bottom ... done.
[    8.369302] ip_tables: (C) 2000-2006 Netfilter Core Team
[    8.406583] systemd[1]: systemd 237 running in system mode. (+PAM +AUDIT +SELINUX +IMA +APPARMOR +SMACK +SYSVINIT +UTMP +LIBCRYPTSETUP +GCRYPT +GNUTLS +ACL +XZ +LZ4 +SECCOMP +BLKID +ELFUTILS +KMOD -IDN2 +IDN -PCRE2 default-hierarchy=hybrid)
[    8.425116] systemd[1]: Detected virtualization oracle.
[    8.429374] systemd[1]: Detected architecture x86-64.

Welcome to [1mUbuntu 18.04.6 LTS[0m!

[    8.442647] systemd[1]: Set hostname to <web2>.
[    9.085716] systemd[1]: Reached target User and Group Name Lookups.
[[0;32m  OK  [0m] Reached target User and Group Name Lookups.
[    9.093603] systemd[1]: Started Forward Password Requests to Wall Directory Watch.
[[0;32m  OK  [0m] Started Forward Password Requests to Wall Directory Watch.
[    9.103503] systemd[1]: Reached target Swap.
[[0;32m  OK  [0m] Reached target Swap.
[    9.112454] systemd[1]: Created slice User and Session Slice.
[[0;32m  OK  [0m] Created slice User and Session Slice.
[    9.121021] systemd[1]: Reached target Mounting snaps.
[[0;32m  OK  [0m] Reached target Mounting snaps.
[    9.126542] systemd[1]: Reached target Mounted snaps.
[[0;32m  OK  [0m] Reached target Mounted snaps.
[[0;32m  OK  [0m] Created slice System Slice.
[[0;32m  OK  [0m] Listening on LVM2 poll daemon socket.
[[0;32m  OK  [0m] Listening on Journal Socket (/dev/log).
[[0;32m  OK  [0m] Listening on Journal Socket.
         Starting Uncomplicated firewall...
[[0;32m  OK  [0m] Listening on fsck to fsckd communication Socket.
[[0;32m  OK  [0m] Listening on /dev/initctl Compatibility Named Pipe.
         Mounting Huge Pages File System...
[[0;32m  OK  [0m] Listening on LVM2 metadata daemon socket.
         Mounting Kernel Debug File System...
[[0;32m  OK  [0m] Listening on Device-mapper event daemon FIFOs.
         Starting Monitoring of LVM2 mirrors…ng dmeventd or progress polling...
[[0;32m  OK  [0m] Listening on udev Control Socket.
         Starting Remount Root and Kernel File Systems...
[[0;32m  OK  [0m] Reached target Slices.
         Mounting POSIX Message Queue File System...
[[0;32m  OK  [0m] Listening on Journal Audit Socket.
[[0;32m  OK  [0m] Listening on Network Service Netlink Socket.
[[0;32m  OK  [0m] Reached target System Time Synchronized.
         [    9.272868] EXT4-fs (sda1): re-mounted. Opts: (null)
Starting Create list of required st…ce nodes for the current kernel...
[[0;32m  OK  [0m] Created slice system-serial\x2dgetty.slice.
[[0;32m  OK  [0m] Listening on Syslog Socket.
         Starting Journal Service...
         Starting Set the console keyboard layout...
         Starting Load Kernel Modules...
[[0;32m  OK  [0m] Set up automount Arbitrary Executab…rmats File System Automount Point.
[[0;32m  OK  [0m] Listening on udev Kernel Socket.
         Starting udev Coldplug all Devices...
[[0;32m  OK  [0m] Started Journal Service.
[[0;32m  OK  [0m] Started Uncomplicated firewall.
[[0;32m  OK  [0m] Mounted Huge Pages File System.
[[0;32m  OK  [0m] Mounted Kernel Debug File System.
[[0;32m  OK  [0m] Started Remount Root and Kernel File Systems.
[[0;32m  OK  [0m] Mounted POSIX Message Queue File System.
[[0;32m  OK  [0m] Started Create list of required sta…vice nodes for the current kernel.
[[0;32m  OK  [0m] Started LVM2 metadata daemon.
         Starting Create Static Device Nodes in /dev...
         Starting Load/Save Random Seed...
[    9.509245] Loading iSCSI transport class v2.0-870.
         Starting Flush Journal to Persistent Storage...
[[0;32m  OK  [0m] Started Monitoring of LVM2 mirrors,…sing dmeventd or progress polling.
[[0;32m  OK  [0m] Started Create Static Device Nodes in /dev.
[[0;32m  OK  [0m] Started Load/Save Random Seed.
         Starting udev Kernel Device Manager...
[    9.580752] iscsi: registered transport (tcp)
[    9.593290] systemd-journald[418]: Received request to flush runtime journal from PID 1
[[0;32m  OK  [0m] Started udev Coldplug all Devices.
[[0;32m  OK  [0m] Started udev Kernel Device Manager.
[[0;32m  OK  [0m] Started Set the console keyboard layout.
[[0;32m  OK  [0m] Started Dispatch Password Requests to Console Directory Watch.
[[0;32m  OK  [0m] Reached target Local Encrypted Volumes.
[[0;32m  OK  [0m] Reached target Local File Systems (Pre).
[[0;32m  OK  [0m] Reached target Local File Systems.
         Starting Set console font and keymap...
         Starting ebtables ruleset management...
         Starting Tell Plymouth To Write Out Runtime Data...
[    9.889836] iscsi: registered transport (iser)
         Starting AppArmor initialization...
[[0;32m  OK  [0m] Started Set console font and keymap.
[[0;32m  OK  [0m] Started Load Kernel Modules.
         Mounting Kernel Configuration File System...
         Mounting FUSE Control File System...
         Starting Apply Kernel Variables...
[[0;32m  OK  [0m] Started Tell Plymouth To Write Out Runtime Data.
[[0;32m  OK  [0m] Mounted Kernel Configuration File System.
[[0;32m  OK  [0m] Mounted FUSE Control File System.
[[0;32m  OK  [0m] Started Flush Journal to Persistent Storage.
         Starting Create Volatile Files and Directories...
[[0;32m  OK  [0m] Started Apply Kernel Variables.
[[0;32m  OK  [0m] Started Create Volatile Files and Directories.
         Starting Update UTMP about System Boot/Shutdown...
[[0;32m  OK  [0m] Started ebtables ruleset management.
[[0;32m  OK  [0m] Started Update UTMP about System Boot/Shutdown.
[[0;32m  OK  [0m] Found device /dev/ttyS0.
[[0;32m  OK  [0m] Started AppArmor initialization.
         Starting Load AppArmor profiles managed internally by snapd...
         Starting Initial cloud-init job (pre-networking)...
         Mounting Arbitrary Executable File Formats File System...
[[0;32m  OK  [0m] Listening on Load/Save RF Kill Switch Status /dev/rfkill Watch.
[[0;32m  OK  [0m] Mounted Arbitrary Executable File Formats File System.
[[0;32m  OK  [0m] Started Load AppArmor profiles managed internally by snapd.
[   13.607079] cloud-init[553]: Cloud-init v. 23.1.2-0ubuntu0~18.04.1 running 'init-local' at Thu, 10 Apr 2025 11:29:26 +0000. Up 13.29 seconds.
[[0;32m  OK  [0m] Started Initial cloud-init job (pre-networking).
[[0;32m  OK  [0m] Reached target Network (Pre).
         Starting Network Service...
[[0;32m  OK  [0m] Started Network Service.
         Starting Network Name Resolution...
         Starting Wait for Network to be Configured...
[[0;32m  OK  [0m] Started Network Name Resolution.
[[0;32m  OK  [0m] Reached target Network.
[[0;32m  OK  [0m] Reached target Host and Network Name Lookups.
[[0;32m  OK  [0m] Started Wait for Network to be Configured.
         Starting Initial cloud-init job (metadata service crawler)...
[   17.778679] cloud-init[654]: Cloud-init v. 23.1.2-0ubuntu0~18.04.1 running 'init' at Thu, 10 Apr 2025 11:29:30 +0000. Up 17.56 seconds.
[   17.792652] cloud-init[654]: ci-info: ++++++++++++++++++++++++++++++++++++++Net device info+++++++++++++++++++++++++++++++++++++++
[   17.803598] cloud-init[654]: ci-info: +--------+------+-----------------------------+---------------+--------+-------------------+
[   17.824399] cloud-init[654]: ci-info: | Device |  Up  |           Address           |      Mask     | Scope  |     Hw-Address    |
[   17.839977] cloud-init[654]: ci-info: +--------+------+-----------------------------+---------------+--------+-------------------+
[   17.860978] cloud-init[654]: ci-info: | enp0s3 | True |          10.0.2.15          | 255.255.255.0 | global | 02:3b:7b:b7:3b:2d |
[   17.875163] cloud-init[654]: ci-info: | enp0s3 | True |  fd00::3b:7bff:feb7:3b2d/64 |       .       | global | 02:3b:7b:b7:3b:2d |
[   17.891013] cloud-init[654]: ci-info: | enp0s3 | True |  fe80::3b:7bff:feb7:3b2d/64 |       .       |  link  | 02:3b:7b:b7:3b:2d |
[   17.906684] cloud-init[654]: ci-info: | enp0s8 | True |        192.168.56.12        | 255.255.255.0 | global | 08:00:27:61:f6:b6 |
[   17.928487] cloud-init[654]: ci-info: | enp0s8 | True | fe80::a00:27ff:fe61:f6b6/64 |       .       |  link  | 08:00:27:61:f6:b6 |
[   17.945504] cloud-init[654]: ci-info: |   lo   | True |          127.0.0.1          |   255.0.0.0   |  host  |         .         |
[   17.963168] cloud-init[654]: ci-info: |   lo   | True |           ::1/128           |       .       |  host  |         .         |
[   17.976883] cloud-init[654]: ci-info: +--------+------+-----------------------------+---------------+--------+-------------------+
[   17.984765] cloud-init[654]: ci-info: +++++++++++++++++++++++++++++Route IPv4 info+++++++++++++++++++++++++++++
[   18.001125] cloud-init[654]: ci-info: +-------+--------------+----------+-----------------+-----------+-------+
[   18.011249] cloud-init[654]: ci-info: | Route | Destination  | Gateway  |     Genmask     | Interface | Flags |
[   18.022210] cloud-init[654]: ci-info: +-------+--------------+----------+-----------------+-----------+-------+
[   18.033381] cloud-init[654]: ci-info: |   0   |   0.0.0.0    | 10.0.2.2 |     0.0.0.0     |   enp0s3  |   UG  |
[   18.043021] cloud-init[654]: ci-info: |   1   |   10.0.2.0   | 0.0.0.0  |  255.255.255.0  |   enp0s3  |   U   |
[   18.056006] cloud-init[654]: ci-info: |   2   |   10.0.2.2   | 0.0.0.0  | 255.255.255.255 |   enp0s3  |   UH  |
[   18.072956] cloud-init[654]: ci-info: |   3   | 192.168.56.0 | 0.0.0.0  |  255.255.255.0  |   enp0s8  |   U   |
[   18.083020] cloud-init[654]: ci-info: +-------+--------------+----------+-----------------+-----------+-------+
[   18.090737] cloud-init[654]: ci-info: +++++++++++++++++++Route IPv6 info+++++++++++++++++++
[   18.119052] cloud-init[654]: ci-info: +-------+-------------+---------+-----------+-------+
[   18.135257] cloud-init[654]: ci-info: | Route | Destination | Gateway | Interface | Flags |
[   18.146821] cloud-init[654]: ci-info: +-------+-------------+---------+-----------+-------+
[   18.177462] cloud-init[654]: ci-info: |   1   |  fd00::/64  |    ::   |   enp0s3  |   U   |
[   18.198781] cloud-init[654]: ci-info: |   2   |  fe80::/64  |    ::   |   enp0s8  |   U   |
[   18.221005] cloud-init[654]: ci-info: |   3   |  fe80::/64  |    ::   |   enp0s3  |   U   |
[   18.225039] cloud-init[654]: ci-info: |   4   |     ::/0    | fe80::2 |   enp0s3  |   UG  |
[   18.241144] cloud-init[654]: ci-info: |   6   |    local    |    ::   |   enp0s3  |   U   |
[[0;32m  OK  [0m[   18.257435] cloud-init] Started Initial cloud-init job (metadata service crawler).[654]: 
[[0;32m  OK  [0m] Reached target Network is Online.ci-info: |   7   |    local    |    ::   |   enp0s8  |   U   |

         Starting Availability of block devices...[   18.292284] cloud-init[654]: ci-info: |   8   |   ff00::/8  |    ::   |   enp0s8  |   U   |
[[0;32m  OK  [0m] Reached target Remote File Systems (Pre).
         Mounting /vagrant...
[[0;32m  OK  [0m] Reached target Cloud-config availability.
[[0;32m  OK  [0m] Reached target System Initialization.
         Starting LXD - unix socket.

[[0;32m  OK  [0m[   18.346073] cloud-init] Started ACPI Events Check.
[[0;32m  OK  [0m] [654]: ci-info: |   9   |   ff00::/8  |    ::   |   enp0s3  |   U   |Started Message of the Day.
[[0;32m  OK  [0m] Reached target Paths.
[[0;32m  OK  [0m
[   18.365654] cloud-init[654]: ci-info: +-------+-------------+---------+-----------+-------+] Started Discard unused blocks once a week.
[[0;32m  OK  [0m] 
Started Clean PHP session files every 30 mins.
[[0;32m  OK  [0m] Listening on UUID daemon activation socket.
[[0;32m  OK  [0m] Started Ubuntu Advantage Timer for running repeated jobs.
[[0;32m  OK  [0m] Listening on cloud-init hotplug hook socket.
[[0;32m  OK  [0m] Started Daily Cleanup of Temporary Directories.
[[0;32m  OK  [0m] Started Daily apt download activities.
[[0;32m  OK  [0m] Started Daily apt upgrade and clean activities.
[[0;32m  OK  [0m] Listening on Open-iSCSI iscsid Socket.
[[0;32m  OK  [0m] Listening on ACPID Listen Socket.
[[0;32m  OK  [0m] Reached target Timers.
[[0;32m  OK  [0m] Listening on D-Bus System Message Bus Socket.
         Starting Socket activation for snappy daemon.
[[0;32m  OK  [0m] Started Availability of block devices.
[[0;32m  OK  [0m] Mounted /vagrant.
[[0;32m  OK  [0m] Listening on LXD - unix socket.
[[0;32m  OK  [0m] Listening on Socket activation for snappy daemon.
[[0;32m  OK  [0m] Reached target Sockets.
[[0;32m  OK  [0m] Reached target Basic System.
[[0;32m  OK  [0m] Started FUSE filesystem for LXC.
         Starting System Logging Service...
         Starting LSB: Record successful boot for GRUB...
         Starting OpenBSD Secure Shell server...
         Starting Login Service...
[[0;32m  OK  [0m] Reached target Login Prompts (Pre).
[[0;32m  OK  [0m] Started irqbalance daemon.
[[0;32m  OK  [0m] Started Deferred execution scheduler.
         Starting Snap Daemon...
         Starting Dispatcher daemon for systemd-networkd...
[[0;32m  OK  [0m] Started Regular background program processing daemon.
         Starting Accounts Service...
         Starting Virtualbox guest utils...
[[0;32m  OK  [0m] Started D-Bus System Message Bus.
[[0;32m  OK  [0m] Started Login Service.
[[0;32m  OK  [0m] Started Unattended Upgrades Shutdown.
         Starting LXD - container startup/shutdown...
[[0;32m  OK  [0m] Reached target Remote File Systems.
         Starting Permit User Sessions...
         Starting LSB: automatic crash report generation...
         Starting The Apache HTTP Server...
[[0;32m  OK  [0m] Started System Logging Service.
[[0;32m  OK  [0m] Started OpenBSD Secure Shell server.
[[0;32m  OK  [0m] Started Permit User Sessions.
         Starting Authorization Manager...
         Starting Terminate Plymouth Boot Screen...
         Starting Hold until boot process finishes up...
         Starting Hostname Service...
[[0;32m  OK  [0m] Started Terminate Plymouth Boot Screen.
[[0;32m  OK  [0m] Started Hold until boot process finishes up.
         Starting Set console scheme...
[[0;32m  OK  [0m] Started Serial Getty on ttyS0.
[[0;32m  OK  [0m] Started Set console scheme.
[[0;32m  OK  [0m] Created slice system-getty.slice.
[[0;32m  OK  [0m] Started Getty on tty1.
[[0;32m  OK  [0m] Reached target Login Prompts.
[[0;32m  OK  [0m] Started Hostname Service.
[[0;32m  OK  [0m] Started LSB: Record successful boot for GRUB.
[[0;32m  OK  [0m] Started LSB: automatic crash report generation.
[[0;32m  OK  [0m] Started Authorization Manager.
[[0;32m  OK  [0m] Started Accounts Service.
[[0;32m  OK  [0m] Created slice User Slice of vagrant.
[[0;32m  OK  [0m] Started Virtualbox guest utils.
[[0;32m  OK  [0m] Started Session 1 of user vagrant.
         Starting User Manager for UID 1000...
[[0;32m  OK  [0m] Started Dispatcher daemon for systemd-networkd.
[[0;32m  OK  [0m] Started LXD - container startup/shutdown.
[[0;32m  OK  [0m] Started The Apache HTTP Server.
[[0;32m  OK  [0m] Started User Manager for UID 1000.
[[0;32m  OK  [0m] Started Snap Daemon.
         Starting Wait until snapd is fully seeded...
         Starting Time & Date Service...
[[0;32m  OK  [0m] Started Time & Date Service.
[[0;32m  OK  [0m] Started Wait until snapd is fully seeded.
         Starting Apply the settings specified in cloud-config...
[   22.778246] cloud-init[1058]: Cloud-init v. 23.1.2-0ubuntu0~18.04.1 running 'modules:config' at Thu, 10 Apr 2025 11:29:35 +0000. Up 22.53 seconds.
[[0;32m  OK  [0m] Started Apply the settings specified in cloud-config.
[[0;32m  OK  [0m] Reached target Multi-User System.
         Starting Execute cloud user/final scripts...
[[0;32m  OK  [0m] Reached target Graphical Interface.
         Starting Update UTMP about System Runlevel Changes...
[[0;32m  OK  [0m] Started Update UTMP about System Runlevel Changes.
[   24.045964] cloud-init[1154]: Cloud-init v. 23.1.2-0ubuntu0~18.04.1 running 'modules:final' at Thu, 10 Apr 2025 11:29:37 +0000. Up 23.78 seconds.
[   24.100786] cloud-init[1154]: Cloud-init v. 23.1.2-0ubuntu0~18.04.1 finished at Thu, 10 Apr 2025 11:29:37 +0000. Datasource DataSourceNoCloud [seed=/dev/sdb][dsmode=net].  Up 24.03 seconds
[[0;32m  OK  [0m] Started Execute cloud user/final scripts.
[[0;32m  OK  [0m] Reached target Cloud-init target.

Ubuntu 18.04.6 LTS web2 ttyS0

web2 login: 